<?xml version="1.0" encoding="UTF-8"?>
<testsuite xmlns:xsi="http://www.w3.org/2001/XMLSchema-instance" xsi:noNamespaceSchemaLocation="https://maven.apache.org/surefire/maven-surefire-plugin/xsd/surefire-test-report-3.0.xsd" version="3.0" name="TestRunner.TestNGRunner" time="73.493" tests="7" errors="0" skipped="0" failures="0">
  <properties>
    <property name="java.specification.version" value="21"/>
    <property name="sun.cpu.isalist" value="amd64"/>
    <property name="sun.jnu.encoding" value="Cp1252"/>
    <property name="java.class.path" value="C:\Users\msrip\eclipse-workspace\RestAssured_WebApps\target\test-classes;C:\Users\msrip\eclipse-workspace\RestAssured_WebApps\target\classes;C:\WINDOWS\system32\config\systemprofile\.m2\repository\org\projectlombok\lombok\1.18.34\lombok-1.18.34.jar;C:\WINDOWS\system32\config\systemprofile\.m2\repository\org\seleniumhq\selenium\selenium-java\4.34.0\selenium-java-4.34.0.jar;C:\WINDOWS\system32\config\systemprofile\.m2\repository\org\seleniumhq\selenium\selenium-api\4.34.0\selenium-api-4.34.0.jar;C:\WINDOWS\system32\config\systemprofile\.m2\repository\org\jspecify\jspecify\1.0.0\jspecify-1.0.0.jar;C:\WINDOWS\system32\config\systemprofile\.m2\repository\org\seleniumhq\selenium\selenium-chrome-driver\4.34.0\selenium-chrome-driver-4.34.0.jar;C:\WINDOWS\system32\config\systemprofile\.m2\repository\com\google\auto\service\auto-service-annotations\1.1.1\auto-service-annotations-1.1.1.jar;C:\WINDOWS\system32\config\systemprofile\.m2\repository\org\seleniumhq\selenium\selenium-chromium-driver\4.34.0\selenium-chromium-driver-4.34.0.jar;C:\WINDOWS\system32\config\systemprofile\.m2\repository\org\seleniumhq\selenium\selenium-json\4.34.0\selenium-json-4.34.0.jar;C:\WINDOWS\system32\config\systemprofile\.m2\repository\org\seleniumhq\selenium\selenium-manager\4.34.0\selenium-manager-4.34.0.jar;C:\WINDOWS\system32\config\systemprofile\.m2\repository\org\seleniumhq\selenium\selenium-devtools-v136\4.34.0\selenium-devtools-v136-4.34.0.jar;C:\WINDOWS\system32\config\systemprofile\.m2\repository\org\seleniumhq\selenium\selenium-devtools-v137\4.34.0\selenium-devtools-v137-4.34.0.jar;C:\WINDOWS\system32\config\systemprofile\.m2\repository\org\seleniumhq\selenium\selenium-devtools-v138\4.34.0\selenium-devtools-v138-4.34.0.jar;C:\WINDOWS\system32\config\systemprofile\.m2\repository\org\seleniumhq\selenium\selenium-edge-driver\4.34.0\selenium-edge-driver-4.34.0.jar;C:\WINDOWS\system32\config\systemprofile\.m2\repository\org\seleniumhq\selenium\selenium-firefox-driver\4.34.0\selenium-firefox-driver-4.34.0.jar;C:\WINDOWS\system32\config\systemprofile\.m2\repository\org\seleniumhq\selenium\selenium-http\4.34.0\selenium-http-4.34.0.jar;C:\WINDOWS\system32\config\systemprofile\.m2\repository\org\seleniumhq\selenium\selenium-ie-driver\4.34.0\selenium-ie-driver-4.34.0.jar;C:\WINDOWS\system32\config\systemprofile\.m2\repository\org\seleniumhq\selenium\selenium-remote-driver\4.34.0\selenium-remote-driver-4.34.0.jar;C:\WINDOWS\system32\config\systemprofile\.m2\repository\com\google\guava\guava\33.4.8-jre\guava-33.4.8-jre.jar;C:\WINDOWS\system32\config\systemprofile\.m2\repository\com\google\guava\failureaccess\1.0.3\failureaccess-1.0.3.jar;C:\WINDOWS\system32\config\systemprofile\.m2\repository\com\google\guava\listenablefuture\9999.0-empty-to-avoid-conflict-with-guava\listenablefuture-9999.0-empty-to-avoid-conflict-with-guava.jar;C:\WINDOWS\system32\config\systemprofile\.m2\repository\com\google\j2objc\j2objc-annotations\3.0.0\j2objc-annotations-3.0.0.jar;C:\WINDOWS\system32\config\systemprofile\.m2\repository\io\opentelemetry\opentelemetry-api\1.51.0\opentelemetry-api-1.51.0.jar;C:\WINDOWS\system32\config\systemprofile\.m2\repository\io\opentelemetry\opentelemetry-context\1.51.0\opentelemetry-context-1.51.0.jar;C:\WINDOWS\system32\config\systemprofile\.m2\repository\io\opentelemetry\opentelemetry-exporter-logging\1.51.0\opentelemetry-exporter-logging-1.51.0.jar;C:\WINDOWS\system32\config\systemprofile\.m2\repository\io\opentelemetry\opentelemetry-sdk-common\1.51.0\opentelemetry-sdk-common-1.51.0.jar;C:\WINDOWS\system32\config\systemprofile\.m2\repository\io\opentelemetry\opentelemetry-sdk-extension-autoconfigure-spi\1.51.0\opentelemetry-sdk-extension-autoconfigure-spi-1.51.0.jar;C:\WINDOWS\system32\config\systemprofile\.m2\repository\io\opentelemetry\opentelemetry-sdk-extension-autoconfigure\1.51.0\opentelemetry-sdk-extension-autoconfigure-1.51.0.jar;C:\WINDOWS\system32\config\systemprofile\.m2\repository\io\opentelemetry\opentelemetry-sdk-trace\1.51.0\opentelemetry-sdk-trace-1.51.0.jar;C:\WINDOWS\system32\config\systemprofile\.m2\repository\io\opentelemetry\opentelemetry-sdk\1.51.0\opentelemetry-sdk-1.51.0.jar;C:\WINDOWS\system32\config\systemprofile\.m2\repository\io\opentelemetry\opentelemetry-sdk-metrics\1.51.0\opentelemetry-sdk-metrics-1.51.0.jar;C:\WINDOWS\system32\config\systemprofile\.m2\repository\io\opentelemetry\opentelemetry-sdk-logs\1.51.0\opentelemetry-sdk-logs-1.51.0.jar;C:\WINDOWS\system32\config\systemprofile\.m2\repository\net\bytebuddy\byte-buddy\1.17.6\byte-buddy-1.17.6.jar;C:\WINDOWS\system32\config\systemprofile\.m2\repository\org\seleniumhq\selenium\selenium-os\4.34.0\selenium-os-4.34.0.jar;C:\WINDOWS\system32\config\systemprofile\.m2\repository\org\apache\commons\commons-exec\1.5.0\commons-exec-1.5.0.jar;C:\WINDOWS\system32\config\systemprofile\.m2\repository\org\seleniumhq\selenium\selenium-safari-driver\4.34.0\selenium-safari-driver-4.34.0.jar;C:\WINDOWS\system32\config\systemprofile\.m2\repository\org\seleniumhq\selenium\selenium-support\4.34.0\selenium-support-4.34.0.jar;C:\WINDOWS\system32\config\systemprofile\.m2\repository\io\github\bonigarcia\webdrivermanager\6.2.0\webdrivermanager-6.2.0.jar;C:\WINDOWS\system32\config\systemprofile\.m2\repository\org\slf4j\slf4j-api\2.0.17\slf4j-api-2.0.17.jar;C:\WINDOWS\system32\config\systemprofile\.m2\repository\com\google\code\gson\gson\2.13.1\gson-2.13.1.jar;C:\WINDOWS\system32\config\systemprofile\.m2\repository\com\google\errorprone\error_prone_annotations\2.38.0\error_prone_annotations-2.38.0.jar;C:\WINDOWS\system32\config\systemprofile\.m2\repository\com\github\docker-java\docker-java\3.5.3\docker-java-3.5.3.jar;C:\WINDOWS\system32\config\systemprofile\.m2\repository\com\github\docker-java\docker-java-core\3.5.3\docker-java-core-3.5.3.jar;C:\WINDOWS\system32\config\systemprofile\.m2\repository\com\github\docker-java\docker-java-api\3.5.3\docker-java-api-3.5.3.jar;C:\WINDOWS\system32\config\systemprofile\.m2\repository\org\slf4j\jcl-over-slf4j\1.7.30\jcl-over-slf4j-1.7.30.jar;C:\WINDOWS\system32\config\systemprofile\.m2\repository\com\github\docker-java\docker-java-transport-httpclient5\3.5.3\docker-java-transport-httpclient5-3.5.3.jar;C:\WINDOWS\system32\config\systemprofile\.m2\repository\com\github\docker-java\docker-java-transport\3.5.3\docker-java-transport-3.5.3.jar;C:\WINDOWS\system32\config\systemprofile\.m2\repository\net\java\dev\jna\jna\5.17.0\jna-5.17.0.jar;C:\WINDOWS\system32\config\systemprofile\.m2\repository\org\brotli\dec\0.1.2\dec-0.1.2.jar;C:\WINDOWS\system32\config\systemprofile\.m2\repository\org\apache\commons\commons-lang3\3.18.0\commons-lang3-3.18.0.jar;C:\WINDOWS\system32\config\systemprofile\.m2\repository\org\apache\commons\commons-compress\1.27.1\commons-compress-1.27.1.jar;C:\WINDOWS\system32\config\systemprofile\.m2\repository\commons-codec\commons-codec\1.17.1\commons-codec-1.17.1.jar;C:\WINDOWS\system32\config\systemprofile\.m2\repository\commons-io\commons-io\2.16.1\commons-io-2.16.1.jar;C:\WINDOWS\system32\config\systemprofile\.m2\repository\org\apache\httpcomponents\client5\httpclient5\5.4.3\httpclient5-5.4.3.jar;C:\WINDOWS\system32\config\systemprofile\.m2\repository\org\apache\httpcomponents\core5\httpcore5\5.3.4\httpcore5-5.3.4.jar;C:\WINDOWS\system32\config\systemprofile\.m2\repository\org\apache\httpcomponents\core5\httpcore5-h2\5.3.4\httpcore5-h2-5.3.4.jar;C:\WINDOWS\system32\config\systemprofile\.m2\repository\net\java\dev\jna\jna-platform\5.17.0\jna-platform-5.17.0.jar;C:\WINDOWS\system32\config\systemprofile\.m2\repository\io\rest-assured\rest-assured\4.4.0\rest-assured-4.4.0.jar;C:\WINDOWS\system32\config\systemprofile\.m2\repository\org\codehaus\groovy\groovy\3.0.8\groovy-3.0.8.jar;C:\WINDOWS\system32\config\systemprofile\.m2\repository\org\codehaus\groovy\groovy-xml\3.0.8\groovy-xml-3.0.8.jar;C:\WINDOWS\system32\config\systemprofile\.m2\repository\org\apache\httpcomponents\httpclient\4.5.13\httpclient-4.5.13.jar;C:\WINDOWS\system32\config\systemprofile\.m2\repository\org\apache\httpcomponents\httpcore\4.4.13\httpcore-4.4.13.jar;C:\WINDOWS\system32\config\systemprofile\.m2\repository\commons-logging\commons-logging\1.2\commons-logging-1.2.jar;C:\WINDOWS\system32\config\systemprofile\.m2\repository\org\apache\httpcomponents\httpmime\4.5.13\httpmime-4.5.13.jar;C:\WINDOWS\system32\config\systemprofile\.m2\repository\org\hamcrest\hamcrest\2.1\hamcrest-2.1.jar;C:\WINDOWS\system32\config\systemprofile\.m2\repository\org\ccil\cowan\tagsoup\tagsoup\1.2.1\tagsoup-1.2.1.jar;C:\WINDOWS\system32\config\systemprofile\.m2\repository\io\rest-assured\json-path\4.4.0\json-path-4.4.0.jar;C:\WINDOWS\system32\config\systemprofile\.m2\repository\org\codehaus\groovy\groovy-json\3.0.8\groovy-json-3.0.8.jar;C:\WINDOWS\system32\config\systemprofile\.m2\repository\io\rest-assured\rest-assured-common\4.4.0\rest-assured-common-4.4.0.jar;C:\WINDOWS\system32\config\systemprofile\.m2\repository\io\rest-assured\xml-path\4.4.0\xml-path-4.4.0.jar;C:\WINDOWS\system32\config\systemprofile\.m2\repository\jakarta\xml\bind\jakarta.xml.bind-api\2.3.3\jakarta.xml.bind-api-2.3.3.jar;C:\WINDOWS\system32\config\systemprofile\.m2\repository\jakarta\activation\jakarta.activation-api\1.2.2\jakarta.activation-api-1.2.2.jar;C:\WINDOWS\system32\config\systemprofile\.m2\repository\com\sun\xml\bind\jaxb-impl\2.3.3\jaxb-impl-2.3.3.jar;C:\WINDOWS\system32\config\systemprofile\.m2\repository\io\cucumber\cucumber-java\7.20.1\cucumber-java-7.20.1.jar;C:\WINDOWS\system32\config\systemprofile\.m2\repository\io\cucumber\cucumber-core\7.20.1\cucumber-core-7.20.1.jar;C:\WINDOWS\system32\config\systemprofile\.m2\repository\io\cucumber\cucumber-gherkin\7.20.1\cucumber-gherkin-7.20.1.jar;C:\WINDOWS\system32\config\systemprofile\.m2\repository\io\cucumber\cucumber-gherkin-messages\7.20.1\cucumber-gherkin-messages-7.20.1.jar;C:\WINDOWS\system32\config\systemprofile\.m2\repository\io\cucumber\gherkin\28.0.0\gherkin-28.0.0.jar;C:\WINDOWS\system32\config\systemprofile\.m2\repository\io\cucumber\messages\24.1.0\messages-24.1.0.jar;C:\WINDOWS\system32\config\systemprofile\.m2\repository\io\cucumber\testng-xml-formatter\0.2.0\testng-xml-formatter-0.2.0.jar;C:\WINDOWS\system32\config\systemprofile\.m2\repository\io\cucumber\query\12.2.0\query-12.2.0.jar;C:\WINDOWS\system32\config\systemprofile\.m2\repository\io\cucumber\tag-expressions\6.1.0\tag-expressions-6.1.0.jar;C:\WINDOWS\system32\config\systemprofile\.m2\repository\io\cucumber\cucumber-expressions\17.1.0\cucumber-expressions-17.1.0.jar;C:\WINDOWS\system32\config\systemprofile\.m2\repository\io\cucumber\datatable\7.20.1\datatable-7.20.1.jar;C:\WINDOWS\system32\config\systemprofile\.m2\repository\io\cucumber\cucumber-plugin\7.20.1\cucumber-plugin-7.20.1.jar;C:\WINDOWS\system32\config\systemprofile\.m2\repository\io\cucumber\docstring\7.20.1\docstring-7.20.1.jar;C:\WINDOWS\system32\config\systemprofile\.m2\repository\io\cucumber\html-formatter\21.7.0\html-formatter-21.7.0.jar;C:\WINDOWS\system32\config\systemprofile\.m2\repository\io\cucumber\junit-xml-formatter\0.5.0\junit-xml-formatter-0.5.0.jar;C:\WINDOWS\system32\config\systemprofile\.m2\repository\io\cucumber\ci-environment\10.0.1\ci-environment-10.0.1.jar;C:\WINDOWS\system32\config\systemprofile\.m2\repository\org\apiguardian\apiguardian-api\1.1.2\apiguardian-api-1.1.2.jar;C:\WINDOWS\system32\config\systemprofile\.m2\repository\io\cucumber\cucumber-testng\7.20.1\cucumber-testng-7.20.1.jar;C:\WINDOWS\system32\config\systemprofile\.m2\repository\com\aventstack\extentreports\5.1.2\extentreports-5.1.2.jar;C:\WINDOWS\system32\config\systemprofile\.m2\repository\io\reactivex\rxjava3\rxjava\3.1.6\rxjava-3.1.6.jar;C:\WINDOWS\system32\config\systemprofile\.m2\repository\org\reactivestreams\reactive-streams\1.0.4\reactive-streams-1.0.4.jar;C:\WINDOWS\system32\config\systemprofile\.m2\repository\org\freemarker\freemarker\2.3.32\freemarker-2.3.32.jar;C:\WINDOWS\system32\config\systemprofile\.m2\repository\tech\grasshopper\extentreports-cucumber7-adapter\1.7.0\extentreports-cucumber7-adapter-1.7.0.jar;C:\WINDOWS\system32\config\systemprofile\.m2\repository\tech\grasshopper\extent-pdf-report\2.7.0\extent-pdf-report-2.7.0.jar;C:\WINDOWS\system32\config\systemprofile\.m2\repository\tech\grasshopper\cucumber-pdf-report\2.10.0\cucumber-pdf-report-2.10.0.jar;C:\WINDOWS\system32\config\systemprofile\.m2\repository\org\apache\pdfbox\pdfbox\2.0.26\pdfbox-2.0.26.jar;C:\WINDOWS\system32\config\systemprofile\.m2\repository\org\apache\pdfbox\fontbox\2.0.26\fontbox-2.0.26.jar;C:\WINDOWS\system32\config\systemprofile\.m2\repository\org\knowm\xchart\xchart\3.8.0\xchart-3.8.0.jar;C:\WINDOWS\system32\config\systemprofile\.m2\repository\de\erichseifert\vectorgraphics2d\VectorGraphics2D\0.13\VectorGraphics2D-0.13.jar;C:\WINDOWS\system32\config\systemprofile\.m2\repository\de\rototor\pdfbox\graphics2d\0.30\graphics2d-0.30.jar;C:\WINDOWS\system32\config\systemprofile\.m2\repository\com\madgag\animated-gif-lib\1.4\animated-gif-lib-1.4.jar;C:\WINDOWS\system32\config\systemprofile\.m2\repository\org\yaml\snakeyaml\1.28\snakeyaml-1.28.jar;C:\WINDOWS\system32\config\systemprofile\.m2\repository\tech\grasshopper\table-layout\1.5.1\table-layout-1.5.1.jar;C:\WINDOWS\system32\config\systemprofile\.m2\repository\tech\grasshopper\rest-assured-cucumber-pdf-report\1.4.1\rest-assured-cucumber-pdf-report-1.4.1.jar;C:\WINDOWS\system32\config\systemprofile\.m2\repository\org\jsoup\jsoup\1.14.3\jsoup-1.14.3.jar;C:\WINDOWS\system32\config\systemprofile\.m2\repository\com\aventstack\klov-reporter\5.0.9\klov-reporter-5.0.9.jar;C:\WINDOWS\system32\config\systemprofile\.m2\repository\org\mongodb\mongodb-driver\3.6.4\mongodb-driver-3.6.4.jar;C:\WINDOWS\system32\config\systemprofile\.m2\repository\org\mongodb\mongodb-driver-core\3.6.4\mongodb-driver-core-3.6.4.jar;C:\WINDOWS\system32\config\systemprofile\.m2\repository\org\mongodb\bson\3.6.4\bson-3.6.4.jar;C:\WINDOWS\system32\config\systemprofile\.m2\repository\tech\grasshopper\htmlextentreporter\1.0.1\htmlextentreporter-1.0.1.jar;C:\WINDOWS\system32\config\systemprofile\.m2\repository\io\qameta\allure\allure-cucumber7-jvm\2.29.0\allure-cucumber7-jvm-2.29.0.jar;C:\WINDOWS\system32\config\systemprofile\.m2\repository\io\qameta\allure\allure-java-commons\2.29.0\allure-java-commons-2.29.0.jar;C:\WINDOWS\system32\config\systemprofile\.m2\repository\io\qameta\allure\allure-model\2.29.0\allure-model-2.29.0.jar;C:\WINDOWS\system32\config\systemprofile\.m2\repository\io\qameta\allure\allure-testng\2.29.0\allure-testng-2.29.0.jar;C:\WINDOWS\system32\config\systemprofile\.m2\repository\io\qameta\allure\allure-test-filter\2.29.0\allure-test-filter-2.29.0.jar;C:\WINDOWS\system32\config\systemprofile\.m2\repository\io\qameta\allure\allure-rest-assured\2.24.0\allure-rest-assured-2.24.0.jar;C:\WINDOWS\system32\config\systemprofile\.m2\repository\io\qameta\allure\allure-attachments\2.24.0\allure-attachments-2.24.0.jar;C:\WINDOWS\system32\config\systemprofile\.m2\repository\org\testng\testng\7.11.0\testng-7.11.0.jar;C:\WINDOWS\system32\config\systemprofile\.m2\repository\org\jcommander\jcommander\1.83\jcommander-1.83.jar;C:\WINDOWS\system32\config\systemprofile\.m2\repository\org\webjars\jquery\3.7.1\jquery-3.7.1.jar;C:\WINDOWS\system32\config\systemprofile\.m2\repository\com\fasterxml\jackson\core\jackson-databind\2.15.2\jackson-databind-2.15.2.jar;C:\WINDOWS\system32\config\systemprofile\.m2\repository\com\fasterxml\jackson\core\jackson-annotations\2.15.2\jackson-annotations-2.15.2.jar;C:\WINDOWS\system32\config\systemprofile\.m2\repository\com\fasterxml\jackson\core\jackson-core\2.15.2\jackson-core-2.15.2.jar;C:\WINDOWS\system32\config\systemprofile\.m2\repository\org\apache\logging\log4j\log4j-core\2.22.1\log4j-core-2.22.1.jar;C:\WINDOWS\system32\config\systemprofile\.m2\repository\org\apache\logging\log4j\log4j-api\2.22.1\log4j-api-2.22.1.jar;C:\WINDOWS\system32\config\systemprofile\.m2\repository\org\apache\logging\log4j\log4j-slf4j-impl\2.22.1\log4j-slf4j-impl-2.22.1.jar;"/>
    <property name="java.vm.vendor" value="Oracle Corporation"/>
    <property name="sun.arch.data.model" value="64"/>
    <property name="user.variant" value=""/>
    <property name="java.vendor.url" value="https://java.oracle.com/"/>
    <property name="user.timezone" value="Asia/Calcutta"/>
    <property name="os.name" value="Windows 11"/>
    <property name="java.vm.specification.version" value="21"/>
    <property name="sun.java.launcher" value="SUN_STANDARD"/>
    <property name="user.country" value="IN"/>
    <property name="sun.boot.library.path" value="C:\Program Files\Java\jdk-21\bin"/>
    <property name="sun.java.command" value="C:\Windows\Temp\surefire16016903982675135568\surefirebooter-20250813142220091_3.jar C:\Windows\Temp\surefire16016903982675135568 2025-08-13T14-22-17_550-jvmRun1 surefire-20250813142220091_1tmp surefire_0-20250813142220091_2tmp"/>
    <property name="jdk.debug" value="release"/>
    <property name="surefire.test.class.path" value="C:\Users\msrip\eclipse-workspace\RestAssured_WebApps\target\test-classes;C:\Users\msrip\eclipse-workspace\RestAssured_WebApps\target\classes;C:\WINDOWS\system32\config\systemprofile\.m2\repository\org\projectlombok\lombok\1.18.34\lombok-1.18.34.jar;C:\WINDOWS\system32\config\systemprofile\.m2\repository\org\seleniumhq\selenium\selenium-java\4.34.0\selenium-java-4.34.0.jar;C:\WINDOWS\system32\config\systemprofile\.m2\repository\org\seleniumhq\selenium\selenium-api\4.34.0\selenium-api-4.34.0.jar;C:\WINDOWS\system32\config\systemprofile\.m2\repository\org\jspecify\jspecify\1.0.0\jspecify-1.0.0.jar;C:\WINDOWS\system32\config\systemprofile\.m2\repository\org\seleniumhq\selenium\selenium-chrome-driver\4.34.0\selenium-chrome-driver-4.34.0.jar;C:\WINDOWS\system32\config\systemprofile\.m2\repository\com\google\auto\service\auto-service-annotations\1.1.1\auto-service-annotations-1.1.1.jar;C:\WINDOWS\system32\config\systemprofile\.m2\repository\org\seleniumhq\selenium\selenium-chromium-driver\4.34.0\selenium-chromium-driver-4.34.0.jar;C:\WINDOWS\system32\config\systemprofile\.m2\repository\org\seleniumhq\selenium\selenium-json\4.34.0\selenium-json-4.34.0.jar;C:\WINDOWS\system32\config\systemprofile\.m2\repository\org\seleniumhq\selenium\selenium-manager\4.34.0\selenium-manager-4.34.0.jar;C:\WINDOWS\system32\config\systemprofile\.m2\repository\org\seleniumhq\selenium\selenium-devtools-v136\4.34.0\selenium-devtools-v136-4.34.0.jar;C:\WINDOWS\system32\config\systemprofile\.m2\repository\org\seleniumhq\selenium\selenium-devtools-v137\4.34.0\selenium-devtools-v137-4.34.0.jar;C:\WINDOWS\system32\config\systemprofile\.m2\repository\org\seleniumhq\selenium\selenium-devtools-v138\4.34.0\selenium-devtools-v138-4.34.0.jar;C:\WINDOWS\system32\config\systemprofile\.m2\repository\org\seleniumhq\selenium\selenium-edge-driver\4.34.0\selenium-edge-driver-4.34.0.jar;C:\WINDOWS\system32\config\systemprofile\.m2\repository\org\seleniumhq\selenium\selenium-firefox-driver\4.34.0\selenium-firefox-driver-4.34.0.jar;C:\WINDOWS\system32\config\systemprofile\.m2\repository\org\seleniumhq\selenium\selenium-http\4.34.0\selenium-http-4.34.0.jar;C:\WINDOWS\system32\config\systemprofile\.m2\repository\org\seleniumhq\selenium\selenium-ie-driver\4.34.0\selenium-ie-driver-4.34.0.jar;C:\WINDOWS\system32\config\systemprofile\.m2\repository\org\seleniumhq\selenium\selenium-remote-driver\4.34.0\selenium-remote-driver-4.34.0.jar;C:\WINDOWS\system32\config\systemprofile\.m2\repository\com\google\guava\guava\33.4.8-jre\guava-33.4.8-jre.jar;C:\WINDOWS\system32\config\systemprofile\.m2\repository\com\google\guava\failureaccess\1.0.3\failureaccess-1.0.3.jar;C:\WINDOWS\system32\config\systemprofile\.m2\repository\com\google\guava\listenablefuture\9999.0-empty-to-avoid-conflict-with-guava\listenablefuture-9999.0-empty-to-avoid-conflict-with-guava.jar;C:\WINDOWS\system32\config\systemprofile\.m2\repository\com\google\j2objc\j2objc-annotations\3.0.0\j2objc-annotations-3.0.0.jar;C:\WINDOWS\system32\config\systemprofile\.m2\repository\io\opentelemetry\opentelemetry-api\1.51.0\opentelemetry-api-1.51.0.jar;C:\WINDOWS\system32\config\systemprofile\.m2\repository\io\opentelemetry\opentelemetry-context\1.51.0\opentelemetry-context-1.51.0.jar;C:\WINDOWS\system32\config\systemprofile\.m2\repository\io\opentelemetry\opentelemetry-exporter-logging\1.51.0\opentelemetry-exporter-logging-1.51.0.jar;C:\WINDOWS\system32\config\systemprofile\.m2\repository\io\opentelemetry\opentelemetry-sdk-common\1.51.0\opentelemetry-sdk-common-1.51.0.jar;C:\WINDOWS\system32\config\systemprofile\.m2\repository\io\opentelemetry\opentelemetry-sdk-extension-autoconfigure-spi\1.51.0\opentelemetry-sdk-extension-autoconfigure-spi-1.51.0.jar;C:\WINDOWS\system32\config\systemprofile\.m2\repository\io\opentelemetry\opentelemetry-sdk-extension-autoconfigure\1.51.0\opentelemetry-sdk-extension-autoconfigure-1.51.0.jar;C:\WINDOWS\system32\config\systemprofile\.m2\repository\io\opentelemetry\opentelemetry-sdk-trace\1.51.0\opentelemetry-sdk-trace-1.51.0.jar;C:\WINDOWS\system32\config\systemprofile\.m2\repository\io\opentelemetry\opentelemetry-sdk\1.51.0\opentelemetry-sdk-1.51.0.jar;C:\WINDOWS\system32\config\systemprofile\.m2\repository\io\opentelemetry\opentelemetry-sdk-metrics\1.51.0\opentelemetry-sdk-metrics-1.51.0.jar;C:\WINDOWS\system32\config\systemprofile\.m2\repository\io\opentelemetry\opentelemetry-sdk-logs\1.51.0\opentelemetry-sdk-logs-1.51.0.jar;C:\WINDOWS\system32\config\systemprofile\.m2\repository\net\bytebuddy\byte-buddy\1.17.6\byte-buddy-1.17.6.jar;C:\WINDOWS\system32\config\systemprofile\.m2\repository\org\seleniumhq\selenium\selenium-os\4.34.0\selenium-os-4.34.0.jar;C:\WINDOWS\system32\config\systemprofile\.m2\repository\org\apache\commons\commons-exec\1.5.0\commons-exec-1.5.0.jar;C:\WINDOWS\system32\config\systemprofile\.m2\repository\org\seleniumhq\selenium\selenium-safari-driver\4.34.0\selenium-safari-driver-4.34.0.jar;C:\WINDOWS\system32\config\systemprofile\.m2\repository\org\seleniumhq\selenium\selenium-support\4.34.0\selenium-support-4.34.0.jar;C:\WINDOWS\system32\config\systemprofile\.m2\repository\io\github\bonigarcia\webdrivermanager\6.2.0\webdrivermanager-6.2.0.jar;C:\WINDOWS\system32\config\systemprofile\.m2\repository\org\slf4j\slf4j-api\2.0.17\slf4j-api-2.0.17.jar;C:\WINDOWS\system32\config\systemprofile\.m2\repository\com\google\code\gson\gson\2.13.1\gson-2.13.1.jar;C:\WINDOWS\system32\config\systemprofile\.m2\repository\com\google\errorprone\error_prone_annotations\2.38.0\error_prone_annotations-2.38.0.jar;C:\WINDOWS\system32\config\systemprofile\.m2\repository\com\github\docker-java\docker-java\3.5.3\docker-java-3.5.3.jar;C:\WINDOWS\system32\config\systemprofile\.m2\repository\com\github\docker-java\docker-java-core\3.5.3\docker-java-core-3.5.3.jar;C:\WINDOWS\system32\config\systemprofile\.m2\repository\com\github\docker-java\docker-java-api\3.5.3\docker-java-api-3.5.3.jar;C:\WINDOWS\system32\config\systemprofile\.m2\repository\org\slf4j\jcl-over-slf4j\1.7.30\jcl-over-slf4j-1.7.30.jar;C:\WINDOWS\system32\config\systemprofile\.m2\repository\com\github\docker-java\docker-java-transport-httpclient5\3.5.3\docker-java-transport-httpclient5-3.5.3.jar;C:\WINDOWS\system32\config\systemprofile\.m2\repository\com\github\docker-java\docker-java-transport\3.5.3\docker-java-transport-3.5.3.jar;C:\WINDOWS\system32\config\systemprofile\.m2\repository\net\java\dev\jna\jna\5.17.0\jna-5.17.0.jar;C:\WINDOWS\system32\config\systemprofile\.m2\repository\org\brotli\dec\0.1.2\dec-0.1.2.jar;C:\WINDOWS\system32\config\systemprofile\.m2\repository\org\apache\commons\commons-lang3\3.18.0\commons-lang3-3.18.0.jar;C:\WINDOWS\system32\config\systemprofile\.m2\repository\org\apache\commons\commons-compress\1.27.1\commons-compress-1.27.1.jar;C:\WINDOWS\system32\config\systemprofile\.m2\repository\commons-codec\commons-codec\1.17.1\commons-codec-1.17.1.jar;C:\WINDOWS\system32\config\systemprofile\.m2\repository\commons-io\commons-io\2.16.1\commons-io-2.16.1.jar;C:\WINDOWS\system32\config\systemprofile\.m2\repository\org\apache\httpcomponents\client5\httpclient5\5.4.3\httpclient5-5.4.3.jar;C:\WINDOWS\system32\config\systemprofile\.m2\repository\org\apache\httpcomponents\core5\httpcore5\5.3.4\httpcore5-5.3.4.jar;C:\WINDOWS\system32\config\systemprofile\.m2\repository\org\apache\httpcomponents\core5\httpcore5-h2\5.3.4\httpcore5-h2-5.3.4.jar;C:\WINDOWS\system32\config\systemprofile\.m2\repository\net\java\dev\jna\jna-platform\5.17.0\jna-platform-5.17.0.jar;C:\WINDOWS\system32\config\systemprofile\.m2\repository\io\rest-assured\rest-assured\4.4.0\rest-assured-4.4.0.jar;C:\WINDOWS\system32\config\systemprofile\.m2\repository\org\codehaus\groovy\groovy\3.0.8\groovy-3.0.8.jar;C:\WINDOWS\system32\config\systemprofile\.m2\repository\org\codehaus\groovy\groovy-xml\3.0.8\groovy-xml-3.0.8.jar;C:\WINDOWS\system32\config\systemprofile\.m2\repository\org\apache\httpcomponents\httpclient\4.5.13\httpclient-4.5.13.jar;C:\WINDOWS\system32\config\systemprofile\.m2\repository\org\apache\httpcomponents\httpcore\4.4.13\httpcore-4.4.13.jar;C:\WINDOWS\system32\config\systemprofile\.m2\repository\commons-logging\commons-logging\1.2\commons-logging-1.2.jar;C:\WINDOWS\system32\config\systemprofile\.m2\repository\org\apache\httpcomponents\httpmime\4.5.13\httpmime-4.5.13.jar;C:\WINDOWS\system32\config\systemprofile\.m2\repository\org\hamcrest\hamcrest\2.1\hamcrest-2.1.jar;C:\WINDOWS\system32\config\systemprofile\.m2\repository\org\ccil\cowan\tagsoup\tagsoup\1.2.1\tagsoup-1.2.1.jar;C:\WINDOWS\system32\config\systemprofile\.m2\repository\io\rest-assured\json-path\4.4.0\json-path-4.4.0.jar;C:\WINDOWS\system32\config\systemprofile\.m2\repository\org\codehaus\groovy\groovy-json\3.0.8\groovy-json-3.0.8.jar;C:\WINDOWS\system32\config\systemprofile\.m2\repository\io\rest-assured\rest-assured-common\4.4.0\rest-assured-common-4.4.0.jar;C:\WINDOWS\system32\config\systemprofile\.m2\repository\io\rest-assured\xml-path\4.4.0\xml-path-4.4.0.jar;C:\WINDOWS\system32\config\systemprofile\.m2\repository\jakarta\xml\bind\jakarta.xml.bind-api\2.3.3\jakarta.xml.bind-api-2.3.3.jar;C:\WINDOWS\system32\config\systemprofile\.m2\repository\jakarta\activation\jakarta.activation-api\1.2.2\jakarta.activation-api-1.2.2.jar;C:\WINDOWS\system32\config\systemprofile\.m2\repository\com\sun\xml\bind\jaxb-impl\2.3.3\jaxb-impl-2.3.3.jar;C:\WINDOWS\system32\config\systemprofile\.m2\repository\io\cucumber\cucumber-java\7.20.1\cucumber-java-7.20.1.jar;C:\WINDOWS\system32\config\systemprofile\.m2\repository\io\cucumber\cucumber-core\7.20.1\cucumber-core-7.20.1.jar;C:\WINDOWS\system32\config\systemprofile\.m2\repository\io\cucumber\cucumber-gherkin\7.20.1\cucumber-gherkin-7.20.1.jar;C:\WINDOWS\system32\config\systemprofile\.m2\repository\io\cucumber\cucumber-gherkin-messages\7.20.1\cucumber-gherkin-messages-7.20.1.jar;C:\WINDOWS\system32\config\systemprofile\.m2\repository\io\cucumber\gherkin\28.0.0\gherkin-28.0.0.jar;C:\WINDOWS\system32\config\systemprofile\.m2\repository\io\cucumber\messages\24.1.0\messages-24.1.0.jar;C:\WINDOWS\system32\config\systemprofile\.m2\repository\io\cucumber\testng-xml-formatter\0.2.0\testng-xml-formatter-0.2.0.jar;C:\WINDOWS\system32\config\systemprofile\.m2\repository\io\cucumber\query\12.2.0\query-12.2.0.jar;C:\WINDOWS\system32\config\systemprofile\.m2\repository\io\cucumber\tag-expressions\6.1.0\tag-expressions-6.1.0.jar;C:\WINDOWS\system32\config\systemprofile\.m2\repository\io\cucumber\cucumber-expressions\17.1.0\cucumber-expressions-17.1.0.jar;C:\WINDOWS\system32\config\systemprofile\.m2\repository\io\cucumber\datatable\7.20.1\datatable-7.20.1.jar;C:\WINDOWS\system32\config\systemprofile\.m2\repository\io\cucumber\cucumber-plugin\7.20.1\cucumber-plugin-7.20.1.jar;C:\WINDOWS\system32\config\systemprofile\.m2\repository\io\cucumber\docstring\7.20.1\docstring-7.20.1.jar;C:\WINDOWS\system32\config\systemprofile\.m2\repository\io\cucumber\html-formatter\21.7.0\html-formatter-21.7.0.jar;C:\WINDOWS\system32\config\systemprofile\.m2\repository\io\cucumber\junit-xml-formatter\0.5.0\junit-xml-formatter-0.5.0.jar;C:\WINDOWS\system32\config\systemprofile\.m2\repository\io\cucumber\ci-environment\10.0.1\ci-environment-10.0.1.jar;C:\WINDOWS\system32\config\systemprofile\.m2\repository\org\apiguardian\apiguardian-api\1.1.2\apiguardian-api-1.1.2.jar;C:\WINDOWS\system32\config\systemprofile\.m2\repository\io\cucumber\cucumber-testng\7.20.1\cucumber-testng-7.20.1.jar;C:\WINDOWS\system32\config\systemprofile\.m2\repository\com\aventstack\extentreports\5.1.2\extentreports-5.1.2.jar;C:\WINDOWS\system32\config\systemprofile\.m2\repository\io\reactivex\rxjava3\rxjava\3.1.6\rxjava-3.1.6.jar;C:\WINDOWS\system32\config\systemprofile\.m2\repository\org\reactivestreams\reactive-streams\1.0.4\reactive-streams-1.0.4.jar;C:\WINDOWS\system32\config\systemprofile\.m2\repository\org\freemarker\freemarker\2.3.32\freemarker-2.3.32.jar;C:\WINDOWS\system32\config\systemprofile\.m2\repository\tech\grasshopper\extentreports-cucumber7-adapter\1.7.0\extentreports-cucumber7-adapter-1.7.0.jar;C:\WINDOWS\system32\config\systemprofile\.m2\repository\tech\grasshopper\extent-pdf-report\2.7.0\extent-pdf-report-2.7.0.jar;C:\WINDOWS\system32\config\systemprofile\.m2\repository\tech\grasshopper\cucumber-pdf-report\2.10.0\cucumber-pdf-report-2.10.0.jar;C:\WINDOWS\system32\config\systemprofile\.m2\repository\org\apache\pdfbox\pdfbox\2.0.26\pdfbox-2.0.26.jar;C:\WINDOWS\system32\config\systemprofile\.m2\repository\org\apache\pdfbox\fontbox\2.0.26\fontbox-2.0.26.jar;C:\WINDOWS\system32\config\systemprofile\.m2\repository\org\knowm\xchart\xchart\3.8.0\xchart-3.8.0.jar;C:\WINDOWS\system32\config\systemprofile\.m2\repository\de\erichseifert\vectorgraphics2d\VectorGraphics2D\0.13\VectorGraphics2D-0.13.jar;C:\WINDOWS\system32\config\systemprofile\.m2\repository\de\rototor\pdfbox\graphics2d\0.30\graphics2d-0.30.jar;C:\WINDOWS\system32\config\systemprofile\.m2\repository\com\madgag\animated-gif-lib\1.4\animated-gif-lib-1.4.jar;C:\WINDOWS\system32\config\systemprofile\.m2\repository\org\yaml\snakeyaml\1.28\snakeyaml-1.28.jar;C:\WINDOWS\system32\config\systemprofile\.m2\repository\tech\grasshopper\table-layout\1.5.1\table-layout-1.5.1.jar;C:\WINDOWS\system32\config\systemprofile\.m2\repository\tech\grasshopper\rest-assured-cucumber-pdf-report\1.4.1\rest-assured-cucumber-pdf-report-1.4.1.jar;C:\WINDOWS\system32\config\systemprofile\.m2\repository\org\jsoup\jsoup\1.14.3\jsoup-1.14.3.jar;C:\WINDOWS\system32\config\systemprofile\.m2\repository\com\aventstack\klov-reporter\5.0.9\klov-reporter-5.0.9.jar;C:\WINDOWS\system32\config\systemprofile\.m2\repository\org\mongodb\mongodb-driver\3.6.4\mongodb-driver-3.6.4.jar;C:\WINDOWS\system32\config\systemprofile\.m2\repository\org\mongodb\mongodb-driver-core\3.6.4\mongodb-driver-core-3.6.4.jar;C:\WINDOWS\system32\config\systemprofile\.m2\repository\org\mongodb\bson\3.6.4\bson-3.6.4.jar;C:\WINDOWS\system32\config\systemprofile\.m2\repository\tech\grasshopper\htmlextentreporter\1.0.1\htmlextentreporter-1.0.1.jar;C:\WINDOWS\system32\config\systemprofile\.m2\repository\io\qameta\allure\allure-cucumber7-jvm\2.29.0\allure-cucumber7-jvm-2.29.0.jar;C:\WINDOWS\system32\config\systemprofile\.m2\repository\io\qameta\allure\allure-java-commons\2.29.0\allure-java-commons-2.29.0.jar;C:\WINDOWS\system32\config\systemprofile\.m2\repository\io\qameta\allure\allure-model\2.29.0\allure-model-2.29.0.jar;C:\WINDOWS\system32\config\systemprofile\.m2\repository\io\qameta\allure\allure-testng\2.29.0\allure-testng-2.29.0.jar;C:\WINDOWS\system32\config\systemprofile\.m2\repository\io\qameta\allure\allure-test-filter\2.29.0\allure-test-filter-2.29.0.jar;C:\WINDOWS\system32\config\systemprofile\.m2\repository\io\qameta\allure\allure-rest-assured\2.24.0\allure-rest-assured-2.24.0.jar;C:\WINDOWS\system32\config\systemprofile\.m2\repository\io\qameta\allure\allure-attachments\2.24.0\allure-attachments-2.24.0.jar;C:\WINDOWS\system32\config\systemprofile\.m2\repository\org\testng\testng\7.11.0\testng-7.11.0.jar;C:\WINDOWS\system32\config\systemprofile\.m2\repository\org\jcommander\jcommander\1.83\jcommander-1.83.jar;C:\WINDOWS\system32\config\systemprofile\.m2\repository\org\webjars\jquery\3.7.1\jquery-3.7.1.jar;C:\WINDOWS\system32\config\systemprofile\.m2\repository\com\fasterxml\jackson\core\jackson-databind\2.15.2\jackson-databind-2.15.2.jar;C:\WINDOWS\system32\config\systemprofile\.m2\repository\com\fasterxml\jackson\core\jackson-annotations\2.15.2\jackson-annotations-2.15.2.jar;C:\WINDOWS\system32\config\systemprofile\.m2\repository\com\fasterxml\jackson\core\jackson-core\2.15.2\jackson-core-2.15.2.jar;C:\WINDOWS\system32\config\systemprofile\.m2\repository\org\apache\logging\log4j\log4j-core\2.22.1\log4j-core-2.22.1.jar;C:\WINDOWS\system32\config\systemprofile\.m2\repository\org\apache\logging\log4j\log4j-api\2.22.1\log4j-api-2.22.1.jar;C:\WINDOWS\system32\config\systemprofile\.m2\repository\org\apache\logging\log4j\log4j-slf4j-impl\2.22.1\log4j-slf4j-impl-2.22.1.jar;"/>
    <property name="allure.results.directory" value="C:\Users\msrip\eclipse-workspace\RestAssured_WebApps\target/allure-results"/>
    <property name="sun.cpu.endian" value="little"/>
    <property name="user.home" value="C:\WINDOWS\system32\config\systemprofile"/>
    <property name="user.language" value="en"/>
    <property name="java.specification.vendor" value="Oracle Corporation"/>
    <property name="java.version.date" value="2025-04-15"/>
    <property name="java.home" value="C:\Program Files\Java\jdk-21"/>
    <property name="file.separator" value="\"/>
    <property name="basedir" value="C:\Users\msrip\eclipse-workspace\RestAssured_WebApps"/>
    <property name="java.vm.compressedOopsMode" value="32-bit"/>
    <property name="line.separator" value="&#10;"/>
    <property name="java.vm.specification.vendor" value="Oracle Corporation"/>
    <property name="java.specification.name" value="Java Platform API Specification"/>
    <property name="surefire.real.class.path" value="C:\Windows\Temp\surefire16016903982675135568\surefirebooter-20250813142220091_3.jar"/>
    <property name="user.script" value=""/>
    <property name="sun.management.compiler" value="HotSpot 64-Bit Tiered Compilers"/>
    <property name="java.runtime.version" value="21.0.7+8-LTS-245"/>
    <property name="user.name" value="DESKTOP-OV98C38$"/>
    <property name="stdout.encoding" value="Cp1252"/>
    <property name="path.separator" value=";"/>
    <property name="os.version" value="10.0"/>
    <property name="java.runtime.name" value="Java(TM) SE Runtime Environment"/>
    <property name="file.encoding" value="UTF-8"/>
    <property name="java.vm.name" value="Java HotSpot(TM) 64-Bit Server VM"/>
    <property name="localRepository" value="C:\WINDOWS\system32\config\systemprofile\.m2\repository"/>
    <property name="java.vendor.url.bug" value="https://bugreport.java.com/bugreport/"/>
    <property name="java.io.tmpdir" value="C:\WINDOWS\TEMP\"/>
    <property name="java.version" value="21.0.7"/>
    <property name="user.dir" value="C:\Users\msrip\eclipse-workspace\RestAssured_WebApps"/>
    <property name="os.arch" value="amd64"/>
    <property name="java.vm.specification.name" value="Java Virtual Machine Specification"/>
    <property name="sun.os.patch.level" value=""/>
    <property name="native.encoding" value="Cp1252"/>
    <property name="java.library.path" value="C:\Program Files\Java\jdk-21\bin;C:\WINDOWS\Sun\Java\bin;C:\WINDOWS\system32;C:\WINDOWS;C:\Program Files\Common Files\Oracle\Java\javapath;E:\java\jdk-17.0.12\bin;C:\Program Files (x86)\Falcon\MinGW\bin;C:\WINDOWS\system32;C:\WINDOWS;C:\WINDOWS\System32\Wbem;C:\WINDOWS\System32\WindowsPowerShell\v1.0\;C:\WINDOWS\System32\OpenSSH\;C:\Program Files\dotnet\;C:\Program Files\nodejs\;C:\Program Files\Git\cmd;C:\Git\cmd;C:\Program Files\Java\jdk-21\bin;C:\Program Files\MongoDB\mongosh-2.1.5-win32-x64\bin;C:\Program Files\Microsoft SQL Server\150\Tools\Binn\;C:\Program Files\Microsoft SQL Server\Client SDK\ODBC\170\Tools\Binn\;C:\Program Files\PuTTY\;C:\Users\msrip\Downloads\apache-maven-3.9.10-bin\apache-maven-3.9.10\bin;C:\Users\msrip\Downloads\allure-2.34.1\allure-2.34.1\bin;C:\WINDOWS\system32\config\systemprofile\AppData\Local\Microsoft\WindowsApps;."/>
    <property name="java.vm.info" value="mixed mode, sharing"/>
    <property name="stderr.encoding" value="Cp1252"/>
    <property name="java.vendor" value="Oracle Corporation"/>
    <property name="java.vm.version" value="21.0.7+8-LTS-245"/>
    <property name="sun.io.unicode.encoding" value="UnicodeLittle"/>
    <property name="java.class.version" value="65.0"/>
  </properties>
  <testcase name="runScenario[&quot;To validate the authpost request&quot;, &quot;To validate the rahul sheety endpoints with the given request&quot;](1)" classname="TestRunner.TestNGRunner" time="33.804">
    <system-out><![CDATA[
Scenario: To validate the authpost request    # src/test/resources/Features/requests.feature:3
Base URI set and ready for Authpost request
  Given Enter the baseuri and Authpostrequest # Stepdefinitions.AuthStep.enter_baseuri_and_authpostrequest()
Request method:	POST
Request URI:	https://webapps.tekstac.com/OAuthRestApi/webapi/auth/login
Proxy:			<none>
Request params:	<none>
Query params:	<none>
Form params:	username=user1
				password=pass123
Path params:	<none>
Headers:		Accept=application/json
				Content-Type=application/x-www-form-urlencoded; charset=ISO-8859-1
Cookies:		<none>
Multiparts:		<none>
Body:			<none>
Request method:	POST
Request URI:	https://webapps.tekstac.com/OAuthRestApi/webapi/auth/login
Proxy:			<none>
Request params:	<none>
Query params:	<none>
Form params:	username=user1
				password=pass123
Path params:	<none>
Headers:		Accept=application/json
				Content-Type=application/x-www-form-urlencoded; charset=ISO-8859-1
Cookies:		<none>
Multiparts:		<none>
Body:			<none>
HTTP/1.1 200 
Content-Type: application/json
Content-Length: 38
Date: Wed, 13 Aug 2025 08:53:50 GMT
Keep-Alive: timeout=60
Connection: keep-alive

{
    "auth_code": "08rtJqgDdCDc_MPNYg7Wlw"
}
HTTP/1.1 200 
Content-Type: application/json
Content-Length: 38
Date: Wed, 13 Aug 2025 08:53:50 GMT
Keep-Alive: timeout=60
Connection: keep-alive

{
    "auth_code": "08rtJqgDdCDc_MPNYg7Wlw"
}
Status Code (Auth Code): 200
*************************
Auth Code: 08rtJqgDdCDc_MPNYg7Wlw
  When Send the Authpost request              # Stepdefinitions.AuthStep.send_the_authpost_request()
Response validated
  Then Validate the auth response             # Stepdefinitions.AuthStep.validate_the_response()
Results logged
  And Log the auth results                    # Stepdefinitions.AuthStep.log_the_results()
]]></system-out>
    <system-err><![CDATA[SLF4J(W): No SLF4J providers were found.
SLF4J(W): Defaulting to no-operation (NOP) logger implementation
SLF4J(W): See https://www.slf4j.org/codes.html#noProviders for further details.
SLF4J(W): Class path contains SLF4J bindings targeting slf4j-api versions 1.7.x or earlier.
SLF4J(W): Ignoring binding found at [jar:file:/C:/Windows/system32/config/systemprofile/.m2/repository/org/apache/logging/log4j/log4j-slf4j-impl/2.22.1/log4j-slf4j-impl-2.22.1.jar!/org/slf4j/impl/StaticLoggerBinder.class]
SLF4J(W): See https://www.slf4j.org/codes.html#ignoredBindings for an explanation.
]]></system-err>
  </testcase>
  <testcase name="runScenario[&quot;to validate the tokenpost request&quot;, &quot;To validate the rahul sheety endpoints with the given request&quot;](2)" classname="TestRunner.TestNGRunner" time="0.404">
    <system-out><![CDATA[
Scenario: to validate the tokenpost request # src/test/resources/Features/requests.feature:9
Base URI set and ready for Token request
  Given Enter the baseuri and Tokenrequest  # Stepdefinitions.TokenStep.enter_baseuri_and_tokenrequest()
Request method:	POST
Request URI:	https://webapps.tekstac.com/OAuthRestApi/webapi/auth/token
Proxy:			<none>
Request params:	<none>
Query params:	<none>
Form params:	auth_code=08rtJqgDdCDc_MPNYg7Wlw
Path params:	<none>
Headers:		Accept=application/json
				Content-Type=application/x-www-form-urlencoded; charset=ISO-8859-1
Cookies:		<none>
Multiparts:		<none>
Body:			<none>
HTTP/1.1 200 
Content-Type: application/json
Content-Length: 62
Date: Wed, 13 Aug 2025 08:53:53 GMT
Keep-Alive: timeout=60
Connection: keep-alive

{
    "access_token": "bWOri8j3RPKG9i9sDkEV15zo78hs4nV8Qy7L2sNd9gM"
}
Status Code: 200
Token Response Body: {"access_token":"bWOri8j3RPKG9i9sDkEV15zo78hs4nV8Qy7L2sNd9gM"}
Access Token: bWOri8j3RPKG9i9sDkEV15zo78hs4nV8Qy7L2sNd9gM
  When Send the Tokenpost request           # Stepdefinitions.TokenStep.send_the_tokenpost_request()
Response validated
  Then Validate the token response          # Stepdefinitions.TokenStep.validate_the_response()
Token Response: {"access_token":"bWOri8j3RPKG9i9sDkEV15zo78hs4nV8Qy7L2sNd9gM"}
Access Token: bWOri8j3RPKG9i9sDkEV15zo78hs4nV8Qy7L2sNd9gM
Results logged
Results logged
  And Log the token results                 # Stepdefinitions.TokenStep.log_the_results()
]]></system-out>
  </testcase>
  <testcase name="runScenario[&quot;to validate the addbookingpost request&quot;, &quot;To validate the rahul sheety endpoints with the given request&quot;](3)" classname="TestRunner.TestNGRunner" time="1.921">
    <system-out><![CDATA[
Scenario: to validate the addbookingpost request            # src/test/resources/Features/requests.feature:15
Base URI set and ready for Add Booking request
  Given Enter the baseuri and Addrequest                    # Stepdefinitions.AddBookingStep.enter_baseuri_and_addrequest()
Request method:	POST
Request URI:	https://webapps.tekstac.com/TrainAPI/BookingService/addBooking
Proxy:			<none>
Request params:	<none>
Query params:	<none>
Form params:	bookingId=15
				bookingDate=01/01/2022
				departCity=Coimbatore
				arrivalCity=Chennai
				passengerCount=3
				trainName=Chennai Express
				passengerName=Sam
				trainClass=THIRDAC
				ticketType=GENERAL
Path params:	<none>
Headers:		Authorization=Bearer bWOri8j3RPKG9i9sDkEV15zo78hs4nV8Qy7L2sNd9gM
				Accept=application/json
				Content-Type=application/x-www-form-urlencoded; charset=ISO-8859-1
Cookies:		<none>
Multiparts:		<none>
Body:			<none>
HTTP/1.1 200 
Content-Type: application/json
Content-Length: 640
Date: Wed, 13 Aug 2025 08:53:54 GMT
Keep-Alive: timeout=60
Connection: keep-alive

[
    {
        "bookingId": 1001,
        "bookingDate": "23/11/2021",
        "departCity": "Chennai",
        "arrivalCity": "Coimbatore",
        "passengerCount": 1,
        "trainName": "Chennai Express",
        "passengerName": "Rakesh",
        "trainClass": "SLEEPER",
        "ticketType": "GENERAL"
    },
    {
        "bookingId": 3101,
        "bookingDate": "24/12/2021",
        "departCity": "Chennai",
        "arrivalCity": "Madurai",
        "passengerCount": 1,
        "trainName": "Madurai Express",
        "passengerName": "Priya",
        "trainClass": "THIRDAC",
        "ticketType": "GENERAL"
    },
    {
        "bookingId": 15,
        "bookingDate": "01/01/2022",
        "departCity": "Coimbatore",
        "arrivalCity": "Chennai",
        "passengerCount": 3,
        "trainName": "Chennai Express",
        "passengerName": "Sam",
        "trainClass": "THIRDAC",
        "ticketType": "GENERAL"
    }
]
HTTP/1.1 200 
Content-Type: application/json
Content-Length: 640
Date: Wed, 13 Aug 2025 08:53:54 GMT
Keep-Alive: timeout=60
Connection: keep-alive

[
    {
        "bookingId": 1001,
        "bookingDate": "23/11/2021",
        "departCity": "Chennai",
        "arrivalCity": "Coimbatore",
        "passengerCount": 1,
        "trainName": "Chennai Express",
        "passengerName": "Rakesh",
        "trainClass": "SLEEPER",
        "ticketType": "GENERAL"
    },
    {
        "bookingId": 3101,
        "bookingDate": "24/12/2021",
        "departCity": "Chennai",
        "arrivalCity": "Madurai",
        "passengerCount": 1,
        "trainName": "Madurai Express",
        "passengerName": "Priya",
        "trainClass": "THIRDAC",
        "ticketType": "GENERAL"
    },
    {
        "bookingId": 15,
        "bookingDate": "01/01/2022",
        "departCity": "Coimbatore",
        "arrivalCity": "Chennai",
        "passengerCount": 3,
        "trainName": "Chennai Express",
        "passengerName": "Sam",
        "trainClass": "THIRDAC",
        "ticketType": "GENERAL"
    }
]
Status Code (Add Booking): 200
Add Booking Response Body: [{"bookingId":1001,"bookingDate":"23/11/2021","departCity":"Chennai","arrivalCity":"Coimbatore","passengerCount":1,"trainName":"Chennai Express","passengerName":"Rakesh","trainClass":"SLEEPER","ticketType":"GENERAL"},{"bookingId":3101,"bookingDate":"24/12/2021","departCity":"Chennai","arrivalCity":"Madurai","passengerCount":1,"trainName":"Madurai Express","passengerName":"Priya","trainClass":"THIRDAC","ticketType":"GENERAL"},{"bookingId":15,"bookingDate":"01/01/2022","departCity":"Coimbatore","arrivalCity":"Chennai","passengerCount":3,"trainName":"Chennai Express","passengerName":"Sam","trainClass":"THIRDAC","ticketType":"GENERAL"}]
Request method:	POST
Request URI:	https://webapps.tekstac.com/TrainAPI/BookingService/addBooking
Proxy:			<none>
Request params:	<none>
Query params:	<none>
Form params:	bookingId=16
				bookingDate=02/01/2022
				departCity=Madurai
				arrivalCity=Chennai
				passengerCount=1
				trainName=Madurai Express
				passengerName=Priya
				trainClass=SLEEPER
				ticketType=GENERAL
Path params:	<none>
Headers:		Authorization=Bearer bWOri8j3RPKG9i9sDkEV15zo78hs4nV8Qy7L2sNd9gM
				Accept=application/json
				Content-Type=application/x-www-form-urlencoded; charset=ISO-8859-1
Cookies:		<none>
Multiparts:		<none>
Body:			<none>
HTTP/1.1 200 
Content-Type: application/json
Content-Length: 639
Date: Wed, 13 Aug 2025 08:53:54 GMT
Keep-Alive: timeout=60
Connection: keep-alive

[
    {
        "bookingId": 1001,
        "bookingDate": "23/11/2021",
        "departCity": "Chennai",
        "arrivalCity": "Coimbatore",
        "passengerCount": 1,
        "trainName": "Chennai Express",
        "passengerName": "Rakesh",
        "trainClass": "SLEEPER",
        "ticketType": "GENERAL"
    },
    {
        "bookingId": 3101,
        "bookingDate": "24/12/2021",
        "departCity": "Chennai",
        "arrivalCity": "Madurai",
        "passengerCount": 1,
        "trainName": "Madurai Express",
        "passengerName": "Priya",
        "trainClass": "THIRDAC",
        "ticketType": "GENERAL"
    },
    {
        "bookingId": 16,
        "bookingDate": "02/01/2022",
        "departCity": "Madurai",
        "arrivalCity": "Chennai",
        "passengerCount": 1,
        "trainName": "Madurai Express",
        "passengerName": "Priya",
        "trainClass": "SLEEPER",
        "ticketType": "GENERAL"
    }
]
HTTP/1.1 200 
Content-Type: application/json
Content-Length: 639
Date: Wed, 13 Aug 2025 08:53:54 GMT
Keep-Alive: timeout=60
Connection: keep-alive

[
    {
        "bookingId": 1001,
        "bookingDate": "23/11/2021",
        "departCity": "Chennai",
        "arrivalCity": "Coimbatore",
        "passengerCount": 1,
        "trainName": "Chennai Express",
        "passengerName": "Rakesh",
        "trainClass": "SLEEPER",
        "ticketType": "GENERAL"
    },
    {
        "bookingId": 3101,
        "bookingDate": "24/12/2021",
        "departCity": "Chennai",
        "arrivalCity": "Madurai",
        "passengerCount": 1,
        "trainName": "Madurai Express",
        "passengerName": "Priya",
        "trainClass": "THIRDAC",
        "ticketType": "GENERAL"
    },
    {
        "bookingId": 16,
        "bookingDate": "02/01/2022",
        "departCity": "Madurai",
        "arrivalCity": "Chennai",
        "passengerCount": 1,
        "trainName": "Madurai Express",
        "passengerName": "Priya",
        "trainClass": "SLEEPER",
        "ticketType": "GENERAL"
    }
]
Status Code (Add Booking): 200
Add Booking Response Body: [{"bookingId":1001,"bookingDate":"23/11/2021","departCity":"Chennai","arrivalCity":"Coimbatore","passengerCount":1,"trainName":"Chennai Express","passengerName":"Rakesh","trainClass":"SLEEPER","ticketType":"GENERAL"},{"bookingId":3101,"bookingDate":"24/12/2021","departCity":"Chennai","arrivalCity":"Madurai","passengerCount":1,"trainName":"Madurai Express","passengerName":"Priya","trainClass":"THIRDAC","ticketType":"GENERAL"},{"bookingId":16,"bookingDate":"02/01/2022","departCity":"Madurai","arrivalCity":"Chennai","passengerCount":1,"trainName":"Madurai Express","passengerName":"Priya","trainClass":"SLEEPER","ticketType":"GENERAL"}]
Request method:	POST
Request URI:	https://webapps.tekstac.com/TrainAPI/BookingService/addBooking
Proxy:			<none>
Request params:	<none>
Query params:	<none>
Form params:	bookingId=17
				bookingDate=03/01/2022
				departCity=Bangalore
				arrivalCity=Hyderabad
				passengerCount=2
				trainName=Bangalore Express
				passengerName=Anil
				trainClass=SECONDAC
				ticketType=GENERAL
Path params:	<none>
Headers:		Authorization=Bearer bWOri8j3RPKG9i9sDkEV15zo78hs4nV8Qy7L2sNd9gM
				Accept=application/json
				Content-Type=application/x-www-form-urlencoded; charset=ISO-8859-1
Cookies:		<none>
Multiparts:		<none>
Body:			<none>
HTTP/1.1 200 
Content-Type: application/json
Content-Length: 645
Date: Wed, 13 Aug 2025 08:53:54 GMT
Keep-Alive: timeout=60
Connection: keep-alive

[
    {
        "bookingId": 1001,
        "bookingDate": "23/11/2021",
        "departCity": "Chennai",
        "arrivalCity": "Coimbatore",
        "passengerCount": 1,
        "trainName": "Chennai Express",
        "passengerName": "Rakesh",
        "trainClass": "SLEEPER",
        "ticketType": "GENERAL"
    },
    {
        "bookingId": 3101,
        "bookingDate": "24/12/2021",
        "departCity": "Chennai",
        "arrivalCity": "Madurai",
        "passengerCount": 1,
        "trainName": "Madurai Express",
        "passengerName": "Priya",
        "trainClass": "THIRDAC",
        "ticketType": "GENERAL"
    },
    {
        "bookingId": 17,
        "bookingDate": "03/01/2022",
        "departCity": "Bangalore",
        "arrivalCity": "Hyderabad",
        "passengerCount": 2,
        "trainName": "Bangalore Express",
        "passengerName": "Anil",
        "trainClass": "SECONDAC",
        "ticketType": "GENERAL"
    }
]
HTTP/1.1 200 
Content-Type: application/json
Content-Length: 645
Date: Wed, 13 Aug 2025 08:53:54 GMT
Keep-Alive: timeout=60
Connection: keep-alive

[
    {
        "bookingId": 1001,
        "bookingDate": "23/11/2021",
        "departCity": "Chennai",
        "arrivalCity": "Coimbatore",
        "passengerCount": 1,
        "trainName": "Chennai Express",
        "passengerName": "Rakesh",
        "trainClass": "SLEEPER",
        "ticketType": "GENERAL"
    },
    {
        "bookingId": 3101,
        "bookingDate": "24/12/2021",
        "departCity": "Chennai",
        "arrivalCity": "Madurai",
        "passengerCount": 1,
        "trainName": "Madurai Express",
        "passengerName": "Priya",
        "trainClass": "THIRDAC",
        "ticketType": "GENERAL"
    },
    {
        "bookingId": 17,
        "bookingDate": "03/01/2022",
        "departCity": "Bangalore",
        "arrivalCity": "Hyderabad",
        "passengerCount": 2,
        "trainName": "Bangalore Express",
        "passengerName": "Anil",
        "trainClass": "SECONDAC",
        "ticketType": "GENERAL"
    }
]
Status Code (Add Booking): 200
Add Booking Response Body: [{"bookingId":1001,"bookingDate":"23/11/2021","departCity":"Chennai","arrivalCity":"Coimbatore","passengerCount":1,"trainName":"Chennai Express","passengerName":"Rakesh","trainClass":"SLEEPER","ticketType":"GENERAL"},{"bookingId":3101,"bookingDate":"24/12/2021","departCity":"Chennai","arrivalCity":"Madurai","passengerCount":1,"trainName":"Madurai Express","passengerName":"Priya","trainClass":"THIRDAC","ticketType":"GENERAL"},{"bookingId":17,"bookingDate":"03/01/2022","departCity":"Bangalore","arrivalCity":"Hyderabad","passengerCount":2,"trainName":"Bangalore Express","passengerName":"Anil","trainClass":"SECONDAC","ticketType":"GENERAL"}]
Request method:	POST
Request URI:	https://webapps.tekstac.com/TrainAPI/BookingService/addBooking
Proxy:			<none>
Request params:	<none>
Query params:	<none>
Form params:	bookingId=18
				bookingDate=04/01/2022
				departCity=Mumbai
				arrivalCity=Pune
				passengerCount=1
				trainName=Mumbai Local
				passengerName=Sneha
				trainClass=SLEEPER
				ticketType=GENERAL
Path params:	<none>
Headers:		Authorization=Bearer bWOri8j3RPKG9i9sDkEV15zo78hs4nV8Qy7L2sNd9gM
				Accept=application/json
				Content-Type=application/x-www-form-urlencoded; charset=ISO-8859-1
Cookies:		<none>
Multiparts:		<none>
Body:			<none>
HTTP/1.1 200 
Content-Type: application/json
Content-Length: 632
Date: Wed, 13 Aug 2025 08:53:54 GMT
Keep-Alive: timeout=60
Connection: keep-alive

[
    {
        "bookingId": 1001,
        "bookingDate": "23/11/2021",
        "departCity": "Chennai",
        "arrivalCity": "Coimbatore",
        "passengerCount": 1,
        "trainName": "Chennai Express",
        "passengerName": "Rakesh",
        "trainClass": "SLEEPER",
        "ticketType": "GENERAL"
    },
    {
        "bookingId": 3101,
        "bookingDate": "24/12/2021",
        "departCity": "Chennai",
        "arrivalCity": "Madurai",
        "passengerCount": 1,
        "trainName": "Madurai Express",
        "passengerName": "Priya",
        "trainClass": "THIRDAC",
        "ticketType": "GENERAL"
    },
    {
        "bookingId": 18,
        "bookingDate": "04/01/2022",
        "departCity": "Mumbai",
        "arrivalCity": "Pune",
        "passengerCount": 1,
        "trainName": "Mumbai Local",
        "passengerName": "Sneha",
        "trainClass": "SLEEPER",
        "ticketType": "GENERAL"
    }
]
HTTP/1.1 200 
Content-Type: application/json
Content-Length: 632
Date: Wed, 13 Aug 2025 08:53:54 GMT
Keep-Alive: timeout=60
Connection: keep-alive

[
    {
        "bookingId": 1001,
        "bookingDate": "23/11/2021",
        "departCity": "Chennai",
        "arrivalCity": "Coimbatore",
        "passengerCount": 1,
        "trainName": "Chennai Express",
        "passengerName": "Rakesh",
        "trainClass": "SLEEPER",
        "ticketType": "GENERAL"
    },
    {
        "bookingId": 3101,
        "bookingDate": "24/12/2021",
        "departCity": "Chennai",
        "arrivalCity": "Madurai",
        "passengerCount": 1,
        "trainName": "Madurai Express",
        "passengerName": "Priya",
        "trainClass": "THIRDAC",
        "ticketType": "GENERAL"
    },
    {
        "bookingId": 18,
        "bookingDate": "04/01/2022",
        "departCity": "Mumbai",
        "arrivalCity": "Pune",
        "passengerCount": 1,
        "trainName": "Mumbai Local",
        "passengerName": "Sneha",
        "trainClass": "SLEEPER",
        "ticketType": "GENERAL"
    }
]
Status Code (Add Booking): 200
Add Booking Response Body: [{"bookingId":1001,"bookingDate":"23/11/2021","departCity":"Chennai","arrivalCity":"Coimbatore","passengerCount":1,"trainName":"Chennai Express","passengerName":"Rakesh","trainClass":"SLEEPER","ticketType":"GENERAL"},{"bookingId":3101,"bookingDate":"24/12/2021","departCity":"Chennai","arrivalCity":"Madurai","passengerCount":1,"trainName":"Madurai Express","passengerName":"Priya","trainClass":"THIRDAC","ticketType":"GENERAL"},{"bookingId":18,"bookingDate":"04/01/2022","departCity":"Mumbai","arrivalCity":"Pune","passengerCount":1,"trainName":"Mumbai Local","passengerName":"Sneha","trainClass":"SLEEPER","ticketType":"GENERAL"}]
Request method:	POST
Request URI:	https://webapps.tekstac.com/TrainAPI/BookingService/addBooking
Proxy:			<none>
Request params:	<none>
Query params:	<none>
Form params:	bookingId=19
				bookingDate=05/01/2022
				departCity=Delhi
				arrivalCity=Agra
				passengerCount=4
				trainName=Agra Express
				passengerName=Rahul
				trainClass=FIRSTAC
				ticketType=GENERAL
Path params:	<none>
Headers:		Authorization=Bearer bWOri8j3RPKG9i9sDkEV15zo78hs4nV8Qy7L2sNd9gM
				Accept=application/json
				Content-Type=application/x-www-form-urlencoded; charset=ISO-8859-1
Cookies:		<none>
Multiparts:		<none>
Body:			<none>
HTTP/1.1 200 
Content-Type: application/json
Content-Length: 631
Date: Wed, 13 Aug 2025 08:53:56 GMT
Keep-Alive: timeout=60
Connection: keep-alive

[
    {
        "bookingId": 1001,
        "bookingDate": "23/11/2021",
        "departCity": "Chennai",
        "arrivalCity": "Coimbatore",
        "passengerCount": 1,
        "trainName": "Chennai Express",
        "passengerName": "Rakesh",
        "trainClass": "SLEEPER",
        "ticketType": "GENERAL"
    },
    {
        "bookingId": 3101,
        "bookingDate": "24/12/2021",
        "departCity": "Chennai",
        "arrivalCity": "Madurai",
        "passengerCount": 1,
        "trainName": "Madurai Express",
        "passengerName": "Priya",
        "trainClass": "THIRDAC",
        "ticketType": "GENERAL"
    },
    {
        "bookingId": 19,
        "bookingDate": "05/01/2022",
        "departCity": "Delhi",
        "arrivalCity": "Agra",
        "passengerCount": 4,
        "trainName": "Agra Express",
        "passengerName": "Rahul",
        "trainClass": "FIRSTAC",
        "ticketType": "GENERAL"
    }
]
HTTP/1.1 200 
Content-Type: application/json
Content-Length: 631
Date: Wed, 13 Aug 2025 08:53:56 GMT
Keep-Alive: timeout=60
Connection: keep-alive

[
    {
        "bookingId": 1001,
        "bookingDate": "23/11/2021",
        "departCity": "Chennai",
        "arrivalCity": "Coimbatore",
        "passengerCount": 1,
        "trainName": "Chennai Express",
        "passengerName": "Rakesh",
        "trainClass": "SLEEPER",
        "ticketType": "GENERAL"
    },
    {
        "bookingId": 3101,
        "bookingDate": "24/12/2021",
        "departCity": "Chennai",
        "arrivalCity": "Madurai",
        "passengerCount": 1,
        "trainName": "Madurai Express",
        "passengerName": "Priya",
        "trainClass": "THIRDAC",
        "ticketType": "GENERAL"
    },
    {
        "bookingId": 19,
        "bookingDate": "05/01/2022",
        "departCity": "Delhi",
        "arrivalCity": "Agra",
        "passengerCount": 4,
        "trainName": "Agra Express",
        "passengerName": "Rahul",
        "trainClass": "FIRSTAC",
        "ticketType": "GENERAL"
    }
]
Status Code (Add Booking): 200
Add Booking Response Body: [{"bookingId":1001,"bookingDate":"23/11/2021","departCity":"Chennai","arrivalCity":"Coimbatore","passengerCount":1,"trainName":"Chennai Express","passengerName":"Rakesh","trainClass":"SLEEPER","ticketType":"GENERAL"},{"bookingId":3101,"bookingDate":"24/12/2021","departCity":"Chennai","arrivalCity":"Madurai","passengerCount":1,"trainName":"Madurai Express","passengerName":"Priya","trainClass":"THIRDAC","ticketType":"GENERAL"},{"bookingId":19,"bookingDate":"05/01/2022","departCity":"Delhi","arrivalCity":"Agra","passengerCount":4,"trainName":"Agra Express","passengerName":"Rahul","trainClass":"FIRSTAC","ticketType":"GENERAL"}]
  When Send the Addbookingpost request with booking details # Stepdefinitions.AddBookingStep.send_the_addbookingpost_request_with_booking_details()
Response validated
Booking created with response: [{"bookingId":1001,"bookingDate":"23/11/2021","departCity":"Chennai","arrivalCity":"Coimbatore","passengerCount":1,"trainName":"Chennai Express","passengerName":"Rakesh","trainClass":"SLEEPER","ticketType":"GENERAL"},{"bookingId":3101,"bookingDate":"24/12/2021","departCity":"Chennai","arrivalCity":"Madurai","passengerCount":1,"trainName":"Madurai Express","passengerName":"Priya","trainClass":"THIRDAC","ticketType":"GENERAL"},{"bookingId":15,"bookingDate":"01/01/2022","departCity":"Coimbatore","arrivalCity":"Chennai","passengerCount":3,"trainName":"Chennai Express","passengerName":"Sam","trainClass":"THIRDAC","ticketType":"GENERAL"}]
Booking created with response: [{"bookingId":1001,"bookingDate":"23/11/2021","departCity":"Chennai","arrivalCity":"Coimbatore","passengerCount":1,"trainName":"Chennai Express","passengerName":"Rakesh","trainClass":"SLEEPER","ticketType":"GENERAL"},{"bookingId":3101,"bookingDate":"24/12/2021","departCity":"Chennai","arrivalCity":"Madurai","passengerCount":1,"trainName":"Madurai Express","passengerName":"Priya","trainClass":"THIRDAC","ticketType":"GENERAL"},{"bookingId":16,"bookingDate":"02/01/2022","departCity":"Madurai","arrivalCity":"Chennai","passengerCount":1,"trainName":"Madurai Express","passengerName":"Priya","trainClass":"SLEEPER","ticketType":"GENERAL"}]
Booking created with response: [{"bookingId":1001,"bookingDate":"23/11/2021","departCity":"Chennai","arrivalCity":"Coimbatore","passengerCount":1,"trainName":"Chennai Express","passengerName":"Rakesh","trainClass":"SLEEPER","ticketType":"GENERAL"},{"bookingId":3101,"bookingDate":"24/12/2021","departCity":"Chennai","arrivalCity":"Madurai","passengerCount":1,"trainName":"Madurai Express","passengerName":"Priya","trainClass":"THIRDAC","ticketType":"GENERAL"},{"bookingId":17,"bookingDate":"03/01/2022","departCity":"Bangalore","arrivalCity":"Hyderabad","passengerCount":2,"trainName":"Bangalore Express","passengerName":"Anil","trainClass":"SECONDAC","ticketType":"GENERAL"}]
Booking created with response: [{"bookingId":1001,"bookingDate":"23/11/2021","departCity":"Chennai","arrivalCity":"Coimbatore","passengerCount":1,"trainName":"Chennai Express","passengerName":"Rakesh","trainClass":"SLEEPER","ticketType":"GENERAL"},{"bookingId":3101,"bookingDate":"24/12/2021","departCity":"Chennai","arrivalCity":"Madurai","passengerCount":1,"trainName":"Madurai Express","passengerName":"Priya","trainClass":"THIRDAC","ticketType":"GENERAL"},{"bookingId":18,"bookingDate":"04/01/2022","departCity":"Mumbai","arrivalCity":"Pune","passengerCount":1,"trainName":"Mumbai Local","passengerName":"Sneha","trainClass":"SLEEPER","ticketType":"GENERAL"}]
Booking created with response: [{"bookingId":1001,"bookingDate":"23/11/2021","departCity":"Chennai","arrivalCity":"Coimbatore","passengerCount":1,"trainName":"Chennai Express","passengerName":"Rakesh","trainClass":"SLEEPER","ticketType":"GENERAL"},{"bookingId":3101,"bookingDate":"24/12/2021","departCity":"Chennai","arrivalCity":"Madurai","passengerCount":1,"trainName":"Madurai Express","passengerName":"Priya","trainClass":"THIRDAC","ticketType":"GENERAL"},{"bookingId":19,"bookingDate":"05/01/2022","departCity":"Delhi","arrivalCity":"Agra","passengerCount":4,"trainName":"Agra Express","passengerName":"Rahul","trainClass":"FIRSTAC","ticketType":"GENERAL"}]
All bookings validated
  Then Validate the booking response                        # Stepdefinitions.AddBookingStep.validate_the_response()
Results logged
Add Booking Response: [{"bookingId":1001,"bookingDate":"23/11/2021","departCity":"Chennai","arrivalCity":"Coimbatore","passengerCount":1,"trainName":"Chennai Express","passengerName":"Rakesh","trainClass":"SLEEPER","ticketType":"GENERAL"},{"bookingId":3101,"bookingDate":"24/12/2021","departCity":"Chennai","arrivalCity":"Madurai","passengerCount":1,"trainName":"Madurai Express","passengerName":"Priya","trainClass":"THIRDAC","ticketType":"GENERAL"},{"bookingId":15,"bookingDate":"01/01/2022","departCity":"Coimbatore","arrivalCity":"Chennai","passengerCount":3,"trainName":"Chennai Express","passengerName":"Sam","trainClass":"THIRDAC","ticketType":"GENERAL"}]
Add Booking Response: [{"bookingId":1001,"bookingDate":"23/11/2021","departCity":"Chennai","arrivalCity":"Coimbatore","passengerCount":1,"trainName":"Chennai Express","passengerName":"Rakesh","trainClass":"SLEEPER","ticketType":"GENERAL"},{"bookingId":3101,"bookingDate":"24/12/2021","departCity":"Chennai","arrivalCity":"Madurai","passengerCount":1,"trainName":"Madurai Express","passengerName":"Priya","trainClass":"THIRDAC","ticketType":"GENERAL"},{"bookingId":16,"bookingDate":"02/01/2022","departCity":"Madurai","arrivalCity":"Chennai","passengerCount":1,"trainName":"Madurai Express","passengerName":"Priya","trainClass":"SLEEPER","ticketType":"GENERAL"}]
Add Booking Response: [{"bookingId":1001,"bookingDate":"23/11/2021","departCity":"Chennai","arrivalCity":"Coimbatore","passengerCount":1,"trainName":"Chennai Express","passengerName":"Rakesh","trainClass":"SLEEPER","ticketType":"GENERAL"},{"bookingId":3101,"bookingDate":"24/12/2021","departCity":"Chennai","arrivalCity":"Madurai","passengerCount":1,"trainName":"Madurai Express","passengerName":"Priya","trainClass":"THIRDAC","ticketType":"GENERAL"},{"bookingId":17,"bookingDate":"03/01/2022","departCity":"Bangalore","arrivalCity":"Hyderabad","passengerCount":2,"trainName":"Bangalore Express","passengerName":"Anil","trainClass":"SECONDAC","ticketType":"GENERAL"}]
Add Booking Response: [{"bookingId":1001,"bookingDate":"23/11/2021","departCity":"Chennai","arrivalCity":"Coimbatore","passengerCount":1,"trainName":"Chennai Express","passengerName":"Rakesh","trainClass":"SLEEPER","ticketType":"GENERAL"},{"bookingId":3101,"bookingDate":"24/12/2021","departCity":"Chennai","arrivalCity":"Madurai","passengerCount":1,"trainName":"Madurai Express","passengerName":"Priya","trainClass":"THIRDAC","ticketType":"GENERAL"},{"bookingId":18,"bookingDate":"04/01/2022","departCity":"Mumbai","arrivalCity":"Pune","passengerCount":1,"trainName":"Mumbai Local","passengerName":"Sneha","trainClass":"SLEEPER","ticketType":"GENERAL"}]
Add Booking Response: [{"bookingId":1001,"bookingDate":"23/11/2021","departCity":"Chennai","arrivalCity":"Coimbatore","passengerCount":1,"trainName":"Chennai Express","passengerName":"Rakesh","trainClass":"SLEEPER","ticketType":"GENERAL"},{"bookingId":3101,"bookingDate":"24/12/2021","departCity":"Chennai","arrivalCity":"Madurai","passengerCount":1,"trainName":"Madurai Express","passengerName":"Priya","trainClass":"THIRDAC","ticketType":"GENERAL"},{"bookingId":19,"bookingDate":"05/01/2022","departCity":"Delhi","arrivalCity":"Agra","passengerCount":4,"trainName":"Agra Express","passengerName":"Rahul","trainClass":"FIRSTAC","ticketType":"GENERAL"}]
Results logged
  And Log the booking results                               # Stepdefinitions.AddBookingStep.log_the_results()
]]></system-out>
  </testcase>
  <testcase name="runScenario[&quot;to validate the viewbookingget request&quot;, &quot;To validate the rahul sheety endpoints with the given request&quot;](4)" classname="TestRunner.TestNGRunner" time="0.613">
    <system-out><![CDATA[
Scenario: to validate the viewbookingget request # src/test/resources/Features/requests.feature:21
Base URI set and ready for Get List request
  Given Enter the baseuri and GetListrequest     # Stepdefinitions.BookingListStep.enter_baseuri_and_getlistrequest()
Request method:	GET
Request URI:	https://webapps.tekstac.com/TrainAPI/BookingService/viewBookingList
Proxy:			<none>
Request params:	<none>
Query params:	<none>
Form params:	<none>
Path params:	<none>
Headers:		Authorization=Bearer bWOri8j3RPKG9i9sDkEV15zo78hs4nV8Qy7L2sNd9gM
				Accept=application/json
				Content-Type=application/json
Cookies:		<none>
Multiparts:		<none>
Body:			<none>
HTTP/1.1 200 
Content-Type: application/json
Content-Length: 429
Date: Wed, 13 Aug 2025 08:53:56 GMT
Keep-Alive: timeout=60
Connection: keep-alive

[
    {
        "bookingId": 1001,
        "bookingDate": "23/11/2021",
        "departCity": "Chennai",
        "arrivalCity": "Coimbatore",
        "passengerCount": 1,
        "trainName": "Chennai Express",
        "passengerName": "Rakesh",
        "trainClass": "SLEEPER",
        "ticketType": "GENERAL"
    },
    {
        "bookingId": 3101,
        "bookingDate": "24/12/2021",
        "departCity": "Chennai",
        "arrivalCity": "Madurai",
        "passengerCount": 1,
        "trainName": "Madurai Express",
        "passengerName": "Priya",
        "trainClass": "THIRDAC",
        "ticketType": "GENERAL"
    }
]
HTTP/1.1 200 
Content-Type: application/json
Content-Length: 429
Date: Wed, 13 Aug 2025 08:53:56 GMT
Keep-Alive: timeout=60
Connection: keep-alive

[
    {
        "bookingId": 1001,
        "bookingDate": "23/11/2021",
        "departCity": "Chennai",
        "arrivalCity": "Coimbatore",
        "passengerCount": 1,
        "trainName": "Chennai Express",
        "passengerName": "Rakesh",
        "trainClass": "SLEEPER",
        "ticketType": "GENERAL"
    },
    {
        "bookingId": 3101,
        "bookingDate": "24/12/2021",
        "departCity": "Chennai",
        "arrivalCity": "Madurai",
        "passengerCount": 1,
        "trainName": "Madurai Express",
        "passengerName": "Priya",
        "trainClass": "THIRDAC",
        "ticketType": "GENERAL"
    }
]
Status Code (Get Bookings): 200
Get Bookings Response:
[{"bookingId":1001,"bookingDate":"23/11/2021","departCity":"Chennai","arrivalCity":"Coimbatore","passengerCount":1,"trainName":"Chennai Express","passengerName":"Rakesh","trainClass":"SLEEPER","ticketType":"GENERAL"},{"bookingId":3101,"bookingDate":"24/12/2021","departCity":"Chennai","arrivalCity":"Madurai","passengerCount":1,"trainName":"Madurai Express","passengerName":"Priya","trainClass":"THIRDAC","ticketType":"GENERAL"}]
  When Send the GetList request                  # Stepdefinitions.BookingListStep.send_the_getlist_request()
Response validated
Response validated
  Then Validate the listofbooks response         # Stepdefinitions.BookingListStep.validate_the_response()
Results logged
  And Log the listofbooks results                # Stepdefinitions.BookingListStep.log_the_listofbooks_results()
]]></system-out>
  </testcase>
  <testcase name="runScenario[&quot;to validate the bookingidget request&quot;, &quot;To validate the rahul sheety endpoints with the given request&quot;](5)" classname="TestRunner.TestNGRunner" time="0.313">
    <system-out><![CDATA[
Scenario: to validate the bookingidget request # src/test/resources/Features/requests.feature:27
Base URI set and ready for Get By ID request
  Given Enter the baseuri and GetIdrequest     # Stepdefinitions.BookingIdStep.enter_baseuri_and_getidrequest()
Request method:	GET
Request URI:	https://webapps.tekstac.com/TrainAPI/BookingService/viewBookingById/1001
Proxy:			<none>
Request params:	<none>
Query params:	<none>
Form params:	<none>
Path params:	id=1001
Headers:		Accept=application/json
				Authorization=Bearer bWOri8j3RPKG9i9sDkEV15zo78hs4nV8Qy7L2sNd9gM
				Content-Type=application/json
Cookies:		<none>
Multiparts:		<none>
Body:			<none>
HTTP/1.1 200 
Content-Type: application/json
Content-Length: 215
Date: Wed, 13 Aug 2025 08:53:56 GMT
Keep-Alive: timeout=60
Connection: keep-alive

{
    "bookingId": 1001,
    "bookingDate": "23/11/2021",
    "departCity": "Chennai",
    "arrivalCity": "Coimbatore",
    "passengerCount": 1,
    "trainName": "Chennai Express",
    "passengerName": "Rakesh",
    "trainClass": "SLEEPER",
    "ticketType": "GENERAL"
}
Status Code (Get Bookings By Id): 200
View Booking by ID Response:
{"bookingId":1001,"bookingDate":"23/11/2021","departCity":"Chennai","arrivalCity":"Coimbatore","passengerCount":1,"trainName":"Chennai Express","passengerName":"Rakesh","trainClass":"SLEEPER","ticketType":"GENERAL"}
  When Send the GetById request with bookingId # Stepdefinitions.BookingIdStep.send_the_getbyid_request_with_bookingId()
Response validated
Response validated
  Then Validate the bookingid response         # Stepdefinitions.BookingIdStep.validate_the_response()
Booking Response: {"bookingId":1001,"bookingDate":"23/11/2021","departCity":"Chennai","arrivalCity":"Coimbatore","passengerCount":1,"trainName":"Chennai Express","passengerName":"Rakesh","trainClass":"SLEEPER","ticketType":"GENERAL"}
Results logged
  And Log the bookingid results                # Stepdefinitions.BookingIdStep.log_the_bookingid_results()
]]></system-out>
  </testcase>
  <testcase name="runScenario[&quot;to validate the bookingclassget request&quot;, &quot;To validate the rahul sheety endpoints with the given request&quot;](6)" classname="TestRunner.TestNGRunner" time="0.284">
    <system-out><![CDATA[
Scenario: to validate the bookingclassget request  # src/test/resources/Features/requests.feature:33
Base URI set and ready for Get By Class request
  Given Enter the baseuri and GetClassrequest      # Stepdefinitions.BookingClassStep.enter_baseuri_and_getclassrequest()
Request method:	GET
Request URI:	https://webapps.tekstac.com/TrainAPI/BookingService/viewBookingByClass?trainClass=SLEEPER
Proxy:			<none>
Request params:	<none>
Query params:	trainClass=SLEEPER
Form params:	<none>
Path params:	<none>
Headers:		Authorization=Bearer bWOri8j3RPKG9i9sDkEV15zo78hs4nV8Qy7L2sNd9gM
				Accept=application/json
				Content-Type=application/json
Cookies:		<none>
Multiparts:		<none>
Body:			<none>
HTTP/1.1 200 
Content-Type: application/json
Content-Length: 215
Date: Wed, 13 Aug 2025 08:53:57 GMT
Keep-Alive: timeout=60
Connection: keep-alive

{
    "bookingId": 1001,
    "bookingDate": "23/11/2021",
    "departCity": "Chennai",
    "arrivalCity": "Coimbatore",
    "passengerCount": 1,
    "trainName": "Chennai Express",
    "passengerName": "Rakesh",
    "trainClass": "SLEEPER",
    "ticketType": "GENERAL"
}
Status Code (Get Bookings By Class): 200
View Booking by Class Response:
{"bookingId":1001,"bookingDate":"23/11/2021","departCity":"Chennai","arrivalCity":"Coimbatore","passengerCount":1,"trainName":"Chennai Express","passengerName":"Rakesh","trainClass":"SLEEPER","ticketType":"GENERAL"}
  When Send the GetByClass request with trainClass # Stepdefinitions.BookingClassStep.send_the_getbyclass_request_with_trainClass()
Response validated
Response validated
  Then Validate the bookingclass response          # Stepdefinitions.BookingClassStep.validate_the_response()
Results logged
  And Log the bookingclass results                 # Stepdefinitions.BookingClassStep.log_the_bookingclass_results()
]]></system-out>
  </testcase>
  <testcase name="runScenario[&quot;to validate the deleteid request&quot;, &quot;To validate the rahul sheety endpoints with the given request&quot;](7)" classname="TestRunner.TestNGRunner" time="0.343">
    <system-out><![CDATA[
Scenario: to validate the deleteid request        # src/test/resources/Features/requests.feature:39
Base URI set and ready for Delete By ID request
  Given Enter the baseuri and DeleteIdrequest     # Stepdefinitions.DeleteIdStep.enter_baseuri_and_deleteidrequest()
Request method:	DELETE
Request URI:	https://webapps.tekstac.com/TrainAPI/BookingService/deleteBookingById/1001
Proxy:			<none>
Request params:	<none>
Query params:	<none>
Form params:	<none>
Path params:	id=1001
Headers:		Authorization=Bearer bWOri8j3RPKG9i9sDkEV15zo78hs4nV8Qy7L2sNd9gM
				Accept=application/json
				Content-Type=application/json
Cookies:		<none>
Multiparts:		<none>
Body:			<none>
HTTP/1.1 200 
Content-Type: application/json
Content-Length: 213
Date: Wed, 13 Aug 2025 08:53:57 GMT
Keep-Alive: timeout=60
Connection: keep-alive

[
    {
        "bookingId": 3101,
        "bookingDate": "24/12/2021",
        "departCity": "Chennai",
        "arrivalCity": "Madurai",
        "passengerCount": 1,
        "trainName": "Madurai Express",
        "passengerName": "Priya",
        "trainClass": "THIRDAC",
        "ticketType": "GENERAL"
    }
]
Status Code (Delete Bookings By Id): 200
Delete Booking by ID Response:
[{"bookingId":3101,"bookingDate":"24/12/2021","departCity":"Chennai","arrivalCity":"Madurai","passengerCount":1,"trainName":"Madurai Express","passengerName":"Priya","trainClass":"THIRDAC","ticketType":"GENERAL"}]
  When Send the DeleteById request with bookingId # Stepdefinitions.DeleteIdStep.send_the_deletebyid_request_with_bookingId()
Response validated
Response validated
  Then Validate the deleteid response             # Stepdefinitions.DeleteIdStep.validate_the_response()
Delete Booking Response: [{"bookingId":3101,"bookingDate":"24/12/2021","departCity":"Chennai","arrivalCity":"Madurai","passengerCount":1,"trainName":"Madurai Express","passengerName":"Priya","trainClass":"THIRDAC","ticketType":"GENERAL"}]
Results logged
  And Log the deleteid results                    # Stepdefinitions.DeleteIdStep.log_the_deleteid_results()
]]></system-out>
  </testcase>
</testsuite>