<?xml version="1.0" encoding="UTF-8"?>
<!-- Generated by org.testng.reporters.JUnitReportReporter -->
<testsuite hostname="DESKTOP-OV98C38" failures="0" tests="1" name="Testcase.TokenRequest" time="0.330" errors="0" timestamp="2025-08-13T11:56:20 IST" skipped="0">
  <testcase classname="Testcase.TokenRequest" name="post1" time="0.330"/>
</testsuite> <!-- Testcase.TokenRequest -->
