<?xml version="1.0" encoding="UTF-8"?>
<!-- Generated by org.testng.reporters.JUnitReportReporter -->
<testsuite hostname="DESKTOP-OV98C38" failures="0" tests="7" name="TestRunner.TestNGRunner" time="8.646" errors="0" timestamp="2025-08-12T11:59:36 IST" skipped="0">
  <testcase classname="TestRunner.TestNGRunner" name="runScenario" time="0.297"/>
  <testcase classname="TestRunner.TestNGRunner" name="runScenario" time="5.034"/>
  <testcase classname="TestRunner.TestNGRunner" name="runScenario" time="0.302"/>
  <testcase classname="TestRunner.TestNGRunner" name="runScenario" time="0.414"/>
  <testcase classname="TestRunner.TestNGRunner" name="runScenario" time="1.902"/>
  <testcase classname="TestRunner.TestNGRunner" name="runScenario" time="0.387"/>
  <testcase classname="TestRunner.TestNGRunner" name="runScenario" time="0.310"/>
</testsuite> <!-- TestRunner.TestNGRunner -->
