<?xml version="1.0" encoding="UTF-8"?>
<!-- Generated by org.testng.reporters.JUnitReportReporter -->
<testsuite hostname="DESKTOP-OV98C38" failures="0" tests="1" name="Testcase.PostAddRequest" time="2.101" errors="0" timestamp="2025-08-13T11:56:20 IST" skipped="0">
  <testcase classname="Testcase.PostAddRequest" name="add" time="2.101"/>
</testsuite> <!-- Testcase.PostAddRequest -->
