<?xml version="1.0" encoding="UTF-8"?>
<!-- Generated by org.testng.reporters.JUnitReportReporter -->
<testsuite hostname="DESKTOP-OV98C38" failures="0" tests="1" name="Testcase.GetClassRequest" time="0.288" errors="0" timestamp="2025-08-13T11:56:20 IST" skipped="0">
  <testcase classname="Testcase.GetClassRequest" name="getclass" time="0.288"/>
</testsuite> <!-- Testcase.GetClassRequest -->
