<?xml version="1.0" encoding="UTF-8"?>
<!-- Generated by org.testng.reporters.JUnitReportReporter -->
<testsuite hostname="DESKTOP-OV98C38" failures="0" tests="1" name="Testcase.GetIdRequest" time="0.276" errors="0" timestamp="2025-08-13T11:56:20 IST" skipped="0">
  <testcase classname="Testcase.GetIdRequest" name="getId" time="0.276"/>
</testsuite> <!-- Testcase.GetIdRequest -->
