<?xml version="1.0" encoding="UTF-8"?>
<!-- Generated by org.testng.reporters.JUnitReportReporter -->
<testsuite hostname="DESKTOP-OV98C38" failures="0" tests="7" name="TestRunner.TestNGRunner" time="37.669" errors="0" timestamp="2025-08-13T14:24:01 IST" skipped="0">
  <testcase classname="TestRunner.TestNGRunner" name="runScenario" time="1.915"/>
  <testcase classname="TestRunner.TestNGRunner" name="runScenario" time="0.339"/>
  <testcase classname="TestRunner.TestNGRunner" name="runScenario" time="0.287"/>
  <testcase classname="TestRunner.TestNGRunner" name="runScenario" time="33.797"/>
  <testcase classname="TestRunner.TestNGRunner" name="runScenario" time="0.620"/>
  <testcase classname="TestRunner.TestNGRunner" name="runScenario" time="0.299"/>
  <testcase classname="TestRunner.TestNGRunner" name="runScenario" time="0.412"/>
</testsuite> <!-- TestRunner.TestNGRunner -->
